<?xml version="1.0" encoding="UTF-8"?>
<!-- Generated by org.testng.reporters.JUnitXMLReporter -->
<testsuite hostname="HMS-QA-Din" name="ChannelManagerTest" tests="17" failures="0" timestamp="28 Aug 2017 13:22:45 GMT" time="665.527" errors="0">
  <testcase name="AdminLogin_TC_1" time="38.591" classname="ChannelAutomation.Admin.Test.AdminLoginTest"/>
  <testcase name="landOnListOfGDSPage_TC_2" time="2.546" classname="ChannelAutomation.Admin.Test.AdminLoginTest"/>
  <testcase name="landOnAllotmentMatrix_TC_3" time="6.504" classname="ChannelAutomation.Admin.Test.AdminLoginTest"/>
  <testcase name="saveAlotments_TC_4" time="15.811" classname="ChannelAutomation.Admin.Test.AdminLoginTest"/>
  <testcase name="landOnAdminHome_TC_5" time="2.107" classname="ChannelAutomation.Admin.Test.AdminLoginTest"/>
  <testcase name="landOnListOfGDSPage_TC_6" time="2.664" classname="ChannelAutomation.Admin.Test.AdminLoginTest"/>
  <testcase name="landOnAllotmentMatrix_TC_7" time="6.051" classname="ChannelAutomation.Admin.Test.AdminLoginTest"/>
  <testcase name="SendRulesonChannel_TC_8" time="371.185" classname="ChannelAutomation.Admin.Test.AdminLoginTest"/>
  <testcase name="landOnAdminHome_TC_9" time="3.118" classname="ChannelAutomation.Admin.Test.AdminLoginTest"/>
  <testcase name="landOnListOfGDSPage_TC_10" time="4.539" classname="ChannelAutomation.Admin.Test.AdminLoginTest"/>
  <testcase name="landOnListofChannels_TC_11" time="1.984" classname="ChannelAutomation.Admin.Test.AdminLoginTest"/>
  <testcase name="clickOnChannel_TC_12" time="2.735" classname="ChannelAutomation.Admin.Test.AdminLoginTest"/>
  <testcase name="clickOnEditPackage_TC_13" time="3.716" classname="ChannelAutomation.Admin.Test.AdminLoginTest"/>
  <testcase name="sendRatesOnChannel_TC_14" time="199.22" classname="ChannelAutomation.Admin.Test.AdminLoginTest"/>
  <testcase name="backToAdminHomePagel_TC_15" time="0.079" classname="ChannelAutomation.Admin.Test.AdminLoginTest"/>
  <testcase name="landOnAdminHome_TC_16" time="2.538" classname="ChannelAutomation.Admin.Test.AdminLoginTest"/>
  <testcase name="logoutAdmin_TC_17" time="2.085" classname="ChannelAutomation.Admin.Test.AdminLoginTest"/>
</testsuite> <!-- ChannelManagerTest -->
