<?xml version="1.0" encoding="UTF-8"?>
<!-- Generated by org.testng.reporters.JUnitXMLReporter -->
<testsuite hostname="HMS-QA-Din" name="ChannelManagerTest" tests="17" failures="0" timestamp="23 Aug 2017 06:02:50 GMT" time="436.56" errors="0">
  <testcase name="AdminLogin_TC_1" time="34.021" classname="ChannelAutomation.Admin.Test.AdminLoginTest"/>
  <testcase name="landOnListOfGDSPage_TC_2" time="2.828" classname="ChannelAutomation.Admin.Test.AdminLoginTest"/>
  <testcase name="landOnAllotmentMatrix_TC_3" time="6.544" classname="ChannelAutomation.Admin.Test.AdminLoginTest"/>
  <testcase name="saveAlotments_TC_4" time="16.78" classname="ChannelAutomation.Admin.Test.AdminLoginTest"/>
  <testcase name="landOnAdminHome_TC_5" time="2.188" classname="ChannelAutomation.Admin.Test.AdminLoginTest"/>
  <testcase name="landOnListOfGDSPage_TC_6" time="3.01" classname="ChannelAutomation.Admin.Test.AdminLoginTest"/>
  <testcase name="landOnAllotmentMatrix_TC_7" time="6.349" classname="ChannelAutomation.Admin.Test.AdminLoginTest"/>
  <testcase name="SendRulesonChannel_TC_8" time="127.772" classname="ChannelAutomation.Admin.Test.AdminLoginTest"/>
  <testcase name="landOnAdminHome_TC_9" time="1.943" classname="ChannelAutomation.Admin.Test.AdminLoginTest"/>
  <testcase name="landOnListOfGDSPage_TC_10" time="4.464" classname="ChannelAutomation.Admin.Test.AdminLoginTest"/>
  <testcase name="landOnListofChannels_TC_11" time="2.222" classname="ChannelAutomation.Admin.Test.AdminLoginTest"/>
  <testcase name="clickOnChannel_TC_12" time="2.809" classname="ChannelAutomation.Admin.Test.AdminLoginTest"/>
  <testcase name="clickOnEditPackage_TC_13" time="3.933" classname="ChannelAutomation.Admin.Test.AdminLoginTest"/>
  <testcase name="sendRatesOnChannel_TC_14" time="216.763" classname="ChannelAutomation.Admin.Test.AdminLoginTest"/>
  <testcase name="backToAdminHomePagel_TC_15" time="0.096" classname="ChannelAutomation.Admin.Test.AdminLoginTest"/>
  <testcase name="landOnAdminHome_TC_16" time="2.395" classname="ChannelAutomation.Admin.Test.AdminLoginTest"/>
  <testcase name="logoutAdmin_TC_17" time="2.347" classname="ChannelAutomation.Admin.Test.AdminLoginTest"/>
</testsuite> <!-- ChannelManagerTest -->
