<?xml version="1.0" encoding="UTF-8"?>
<!-- Generated by org.testng.reporters.JUnitXMLReporter -->
<testsuite hostname="HMS-QA-DIN" name="ChannelManagerTest" tests="16" failures="0" timestamp="1 Jun 2017 09:02:32 GMT" time="696.293" errors="0">
  <testcase name="AdminLogin_TC_1" time="48.398" classname="ChannelAutomation.Admin.Test.AdminLoginTest"/>
  <testcase name="landOnListOfGDSPage_TC_2" time="3.38" classname="ChannelAutomation.Admin.Test.AdminLoginTest"/>
  <testcase name="landOnAllotmentMatrix_TC_3" time="5.587" classname="ChannelAutomation.Admin.Test.AdminLoginTest"/>
  <testcase name="saveAlotments_TC_4" time="14.345" classname="ChannelAutomation.Admin.Test.AdminLoginTest"/>
  <testcase name="landOnAdminHome_TC_5" time="0.305" classname="ChannelAutomation.Admin.Test.AdminLoginTest"/>
  <testcase name="landOnListOfGDSPage_TC_6" time="6.876" classname="ChannelAutomation.Admin.Test.AdminLoginTest"/>
  <testcase name="landOnAllotmentMatrix_TC_7" time="5.65" classname="ChannelAutomation.Admin.Test.AdminLoginTest"/>
  <testcase name="SendRulesonChannel_TC_8" time="374.076" classname="ChannelAutomation.Admin.Test.AdminLoginTest"/>
  <testcase name="landOnAdminHome_TC_9" time="0.178" classname="ChannelAutomation.Admin.Test.AdminLoginTest"/>
  <testcase name="landOnListOfGDSPage_TC_10" time="8.648" classname="ChannelAutomation.Admin.Test.AdminLoginTest"/>
  <testcase name="landOnListofChannels_TC_11" time="0.221" classname="ChannelAutomation.Admin.Test.AdminLoginTest"/>
  <testcase name="clickOnChannel_TC_12" time="3.478" classname="ChannelAutomation.Admin.Test.AdminLoginTest"/>
  <testcase name="clickOnEditPackage_TC_13" time="2.77" classname="ChannelAutomation.Admin.Test.AdminLoginTest"/>
  <testcase name="sendRatesOnChannel_TC_14" time="219.685" classname="ChannelAutomation.Admin.Test.AdminLoginTest"/>
  <testcase name="backToAdminHomePagel_TC_15" time="0.162" classname="ChannelAutomation.Admin.Test.AdminLoginTest"/>
  <testcase name="landOnAdminHome_TC_16" time="0.165" classname="ChannelAutomation.Admin.Test.AdminLoginTest"/>
</testsuite> <!-- ChannelManagerTest -->
