<?xml version="1.0" encoding="UTF-8"?>
<!-- Generated by org.testng.reporters.JUnitXMLReporter -->
<testsuite hostname="HMS-QA-DIN" name="Default test" tests="16" failures="0" timestamp="1 Jun 2017 06:37:43 GMT" time="369.159" errors="0">
  <testcase name="AdminLogin_TC_1" time="47.922" classname="ChannelAutomation.Admin.Test.AdminLoginTest"/>
  <testcase name="landOnListOfGDSPage_TC_2" time="3.101" classname="ChannelAutomation.Admin.Test.AdminLoginTest"/>
  <testcase name="landOnAllotmentMatrix_TC_3" time="5.593" classname="ChannelAutomation.Admin.Test.AdminLoginTest"/>
  <testcase name="saveAlotments_TC_4" time="12.945" classname="ChannelAutomation.Admin.Test.AdminLoginTest"/>
  <testcase name="landOnAdminHome_TC_5" time="0.25" classname="ChannelAutomation.Admin.Test.AdminLoginTest"/>
  <testcase name="landOnListOfGDSPage_TC_6" time="5.693" classname="ChannelAutomation.Admin.Test.AdminLoginTest"/>
  <testcase name="landOnAllotmentMatrix_TC_7" time="5.688" classname="ChannelAutomation.Admin.Test.AdminLoginTest"/>
  <testcase name="SendRulesonChannel_TC_8" time="55.604" classname="ChannelAutomation.Admin.Test.AdminLoginTest"/>
  <testcase name="landOnAdminHome_TC_9" time="0.23" classname="ChannelAutomation.Admin.Test.AdminLoginTest"/>
  <testcase name="landOnListOfGDSPage_TC_10" time="5.93" classname="ChannelAutomation.Admin.Test.AdminLoginTest"/>
  <testcase name="landOnListofChannels_TC_11" time="0.238" classname="ChannelAutomation.Admin.Test.AdminLoginTest"/>
  <testcase name="clickOnChannel_TC_12" time="3.063" classname="ChannelAutomation.Admin.Test.AdminLoginTest"/>
  <testcase name="clickOnEditPackage_TC_13" time="3.262" classname="ChannelAutomation.Admin.Test.AdminLoginTest"/>
  <testcase name="sendRatesOnChannel_TC_14" time="217.418" classname="ChannelAutomation.Admin.Test.AdminLoginTest"/>
  <testcase name="backToAdminHomePagel_TC_15" time="0.39" classname="ChannelAutomation.Admin.Test.AdminLoginTest"/>
  <testcase name="landOnAdminHome_TC_16" time="0.324" classname="ChannelAutomation.Admin.Test.AdminLoginTest"/>
</testsuite> <!-- Default test -->
