<?xml version="1.0" encoding="UTF-8"?>
<testng-results skipped="0" failed="0" total="7" passed="7">
  <reporter-output>
  </reporter-output>
  <suite name="ChannelManagerTest" duration-ms="246031" started-at="2017-07-21T11:51:12Z" finished-at="2017-07-21T11:55:18Z">
    <groups>
      <group name="testDebug">
        <method signature="AdminLoginTest.AdminLogin_TC_1()[pri:1, instance:ChannelAutomation.Admin.Test.AdminLoginTest@6a4f787b]" name="AdminLogin_TC_1" class="ChannelAutomation.Admin.Test.AdminLoginTest"/>
        <method signature="AdminLoginTest.backToAdminHomePagel_TC_15()[pri:15, instance:ChannelAutomation.Admin.Test.AdminLoginTest@6a4f787b]" name="backToAdminHomePagel_TC_15" class="ChannelAutomation.Admin.Test.AdminLoginTest"/>
        <method signature="AdminLoginTest.clickOnChannel_TC_12()[pri:12, instance:ChannelAutomation.Admin.Test.AdminLoginTest@6a4f787b]" name="clickOnChannel_TC_12" class="ChannelAutomation.Admin.Test.AdminLoginTest"/>
        <method signature="AdminLoginTest.clickOnEditPackage_TC_13()[pri:13, instance:ChannelAutomation.Admin.Test.AdminLoginTest@6a4f787b]" name="clickOnEditPackage_TC_13" class="ChannelAutomation.Admin.Test.AdminLoginTest"/>
        <method signature="AdminLoginTest.landOnListOfGDSPage_TC_10()[pri:10, instance:ChannelAutomation.Admin.Test.AdminLoginTest@6a4f787b]" name="landOnListOfGDSPage_TC_10" class="ChannelAutomation.Admin.Test.AdminLoginTest"/>
        <method signature="AdminLoginTest.landOnListofChannels_TC_11()[pri:11, instance:ChannelAutomation.Admin.Test.AdminLoginTest@6a4f787b]" name="landOnListofChannels_TC_11" class="ChannelAutomation.Admin.Test.AdminLoginTest"/>
        <method signature="AdminLoginTest.sendRatesOnChannel_TC_14()[pri:14, instance:ChannelAutomation.Admin.Test.AdminLoginTest@6a4f787b]" name="sendRatesOnChannel_TC_14" class="ChannelAutomation.Admin.Test.AdminLoginTest"/>
      </group> <!-- testDebug -->
    </groups>
    <test name="ChannelManagerTest" duration-ms="246031" started-at="2017-07-21T11:51:12Z" finished-at="2017-07-21T11:55:18Z">
      <class name="ChannelAutomation.Admin.Test.AdminLoginTest">
        <test-method status="PASS" signature="AdminLogin_TC_1()[pri:1, instance:ChannelAutomation.Admin.Test.AdminLoginTest@6a4f787b]" name="AdminLogin_TC_1" duration-ms="24719" started-at="2017-07-21T17:21:12Z" finished-at="2017-07-21T17:21:36Z">
          <reporter-output>
          </reporter-output>
        </test-method> <!-- AdminLogin_TC_1 -->
        <test-method status="PASS" signature="landOnListOfGDSPage_TC_10()[pri:10, instance:ChannelAutomation.Admin.Test.AdminLoginTest@6a4f787b]" name="landOnListOfGDSPage_TC_10" duration-ms="3719" started-at="2017-07-21T17:21:36Z" finished-at="2017-07-21T17:21:40Z">
          <reporter-output>
          </reporter-output>
        </test-method> <!-- landOnListOfGDSPage_TC_10 -->
        <test-method status="PASS" signature="landOnListofChannels_TC_11()[pri:11, instance:ChannelAutomation.Admin.Test.AdminLoginTest@6a4f787b]" name="landOnListofChannels_TC_11" duration-ms="172" started-at="2017-07-21T17:21:40Z" finished-at="2017-07-21T17:21:40Z">
          <reporter-output>
          </reporter-output>
        </test-method> <!-- landOnListofChannels_TC_11 -->
        <test-method status="PASS" signature="clickOnChannel_TC_12()[pri:12, instance:ChannelAutomation.Admin.Test.AdminLoginTest@6a4f787b]" name="clickOnChannel_TC_12" duration-ms="2967" started-at="2017-07-21T17:21:40Z" finished-at="2017-07-21T17:21:43Z">
          <reporter-output>
          </reporter-output>
        </test-method> <!-- clickOnChannel_TC_12 -->
        <test-method status="PASS" signature="clickOnEditPackage_TC_13()[pri:13, instance:ChannelAutomation.Admin.Test.AdminLoginTest@6a4f787b]" name="clickOnEditPackage_TC_13" duration-ms="3482" started-at="2017-07-21T17:21:43Z" finished-at="2017-07-21T17:21:47Z">
          <reporter-output>
          </reporter-output>
        </test-method> <!-- clickOnEditPackage_TC_13 -->
        <test-method status="PASS" signature="sendRatesOnChannel_TC_14()[pri:14, instance:ChannelAutomation.Admin.Test.AdminLoginTest@6a4f787b]" name="sendRatesOnChannel_TC_14" duration-ms="210829" started-at="2017-07-21T17:21:47Z" finished-at="2017-07-21T17:25:18Z">
          <reporter-output>
          </reporter-output>
        </test-method> <!-- sendRatesOnChannel_TC_14 -->
        <test-method status="PASS" signature="backToAdminHomePagel_TC_15()[pri:15, instance:ChannelAutomation.Admin.Test.AdminLoginTest@6a4f787b]" name="backToAdminHomePagel_TC_15" duration-ms="93" started-at="2017-07-21T17:25:18Z" finished-at="2017-07-21T17:25:18Z">
          <reporter-output>
          </reporter-output>
        </test-method> <!-- backToAdminHomePagel_TC_15 -->
      </class> <!-- ChannelAutomation.Admin.Test.AdminLoginTest -->
    </test> <!-- ChannelManagerTest -->
  </suite> <!-- ChannelManagerTest -->
</testng-results>
